<?xml version="1.0" encoding="UTF-8"?>
<!-- Generated by org.testng.reporters.JUnitReportReporter -->
<testsuite name="com.tribune.uiautomation.testscripts.TestEngine" tests="1" failures="0" timestamp="5 Aug 2016 06:15:59 GMT" time="98.654" errors="0">
  <testcase name="Execution" time="98.654" classname="com.tribune.uiautomation.testscripts.TestEngine"/>
</testsuite> <!-- com.tribune.uiautomation.testscripts.TestEngine -->
